# JRE version: OpenJDK Runtime Environment GraalVM CE 22.3.0 (17.0.5+8) (build 17.0.5+8-jvmci-22.3-b08)
# Java VM: OpenJDK 64-Bit Server VM GraalVM CE 22.3.0 (17.0.5+8-jvmci-22.3-b08, mixed mode, sharing, tiered, jvmci, jvmci compiler, compressed oops, compressed class ptrs, parallel gc, linux-amd64)
GC Precious Log:
 CPUs: 8 total, 1 available
 Memory: 1024M
 Large Page Support: Disabled
 NUMA Support: Disabled
 Compressed Oops: Enabled (32-bit)
 Alignments: Space 512K, Generation 512K, Heap 2M
 Heap Min Capacity: 100M
 Heap Initial Capacity: 100M
 Heap Max Capacity: 512M
 Pre-touch: Disabled
 Parallel Workers: 1
Heap:
 PSYoungGen      total 15360K, used 10752K [0x00000000f5580000, 0x00000000f6a00000, 0x0000000100000000)
  eden space 10752K, 100% used [0x00000000f5580000,0x00000000f6000000,0x00000000f6000000)
  from space 4608K, 0% used [0x00000000f6480000,0x00000000f6480000,0x00000000f6900000)
  to   space 4608K, 0% used [0x00000000f6000000,0x00000000f6000000,0x00000000f6480000)
 ParOldGen       total 349696K, used 349695K [0x00000000e0000000, 0x00000000f5580000, 0x00000000f5580000)
  object space 349696K, 99% used [0x00000000e0000000,0x00000000f557fff8,0x00000000f5580000)
 Metaspace       used 64798K, committed 65664K, reserved 1114112K
  class space    used 6149K, committed 6528K, reserved 1048576K
GC Heap History (20 events):
Event: 2106.458 GC heap before
{Heap before GC invocations=1344 (full 1185):
 PSYoungGen      total 15360K, used 10751K [0x00000000f5580000, 0x00000000f6a00000, 0x0000000100000000)
  eden space 10752K, 99% used [0x00000000f5580000,0x00000000f5fffff8,0x00000000f6000000)
  from space 4608K, 0% used [0x00000000f6480000,0x00000000f6480000,0x00000000f6900000)
  to   space 4608K, 0% used [0x00000000f6000000,0x00000000f6000000,0x00000000f6480000)
 ParOldGen       total 349696K, used 349695K [0x00000000e0000000, 0x00000000f5580000, 0x00000000f5580000)
  object space 349696K, 99% used [0x00000000e0000000,0x00000000f557fd28,0x00000000f5580000)
 Metaspace       used 64798K, committed 65664K, reserved 1114112K
  class space    used 6149K, committed 6528K, reserved 1048576K
}
Event: 2107.497 GC heap after
{Heap after GC invocations=1344 (full 1185):
 PSYoungGen      total 15360K, used 10751K [0x00000000f5580000, 0x00000000f6a00000, 0x0000000100000000)
  eden space 10752K, 99% used [0x00000000f5580000,0x00000000f5ffffe0,0x00000000f6000000)
  from space 4608K, 0% used [0x00000000f6000000,0x00000000f6000000,0x00000000f6480000)
  to   space 4608K, 0% used [0x00000000f6480000,0x00000000f6480000,0x00000000f6900000)
 ParOldGen       total 349696K, used 349695K [0x00000000e0000000, 0x00000000f5580000, 0x00000000f5580000)
  object space 349696K, 99% used [0x00000000e0000000,0x00000000f557fcf8,0x00000000f5580000)
 Metaspace       used 64798K, committed 65664K, reserved 1114112K
  class space    used 6149K, committed 6528K, reserved 1048576K
}
Event: 2107.506 GC heap before
{Heap before GC invocations=1345 (full 1186):
 PSYoungGen      total 15360K, used 10751K [0x00000000f5580000, 0x00000000f6a00000, 0x0000000100000000)
  eden space 10752K, 99% used [0x00000000f5580000,0x00000000f5fffff8,0x00000000f6000000)
  from space 4608K, 0% used [0x00000000f6000000,0x00000000f6000000,0x00000000f6480000)
  to   space 4608K, 0% used [0x00000000f6480000,0x00000000f6480000,0x00000000f6900000)
 ParOldGen       total 349696K, used 349695K [0x00000000e0000000, 0x00000000f5580000, 0x00000000f5580000)
  object space 349696K, 99% used [0x00000000e0000000,0x00000000f557fcf8,0x00000000f5580000)
 Metaspace       used 64798K, committed 65664K, reserved 1114112K
  class space    used 6149K, committed 6528K, reserved 1048576K
}
Event: 2108.399 GC heap after
{Heap after GC invocations=1345 (full 1186):
 PSYoungGen      total 15360K, used 10751K [0x00000000f5580000, 0x00000000f6a00000, 0x0000000100000000)
  eden space 10752K, 99% used [0x00000000f5580000,0x00000000f5fffff8,0x00000000f6000000)
  from space 4608K, 0% used [0x00000000f6480000,0x00000000f6480000,0x00000000f6900000)
  to   space 4608K, 0% used [0x00000000f6000000,0x00000000f6000000,0x00000000f6480000)
 ParOldGen       total 349696K, used 349695K [0x00000000e0000000, 0x00000000f5580000, 0x00000000f5580000)
  object space 349696K, 99% used [0x00000000e0000000,0x00000000f557fcf8,0x00000000f5580000)
 Metaspace       used 64798K, committed 65664K, reserved 1114112K
  class space    used 6149K, committed 6528K, reserved 1048576K
}
Event: 2108.448 GC heap before
{Heap before GC invocations=1346 (full 1187):
 PSYoungGen      total 15360K, used 10751K [0x00000000f5580000, 0x00000000f6a00000, 0x0000000100000000)
  eden space 10752K, 99% used [0x00000000f5580000,0x00000000f5fffff8,0x00000000f6000000)
  from space 4608K, 0% used [0x00000000f6480000,0x00000000f6480000,0x00000000f6900000)
  to   space 4608K, 0% used [0x00000000f6000000,0x00000000f6000000,0x00000000f6480000)
 ParOldGen       total 349696K, used 349695K [0x00000000e0000000, 0x00000000f5580000, 0x00000000f5580000)
  object space 349696K, 99% used [0x00000000e0000000,0x00000000f557fff0,0x00000000f5580000)
 Metaspace       used 64798K, committed 65664K, reserved 1114112K
  class space    used 6149K, committed 6528K, reserved 1048576K
}
Event: 2109.287 GC heap after
{Heap after GC invocations=1346 (full 1187):
 PSYoungGen      total 15360K, used 10751K [0x00000000f5580000, 0x00000000f6a00000, 0x0000000100000000)
  eden space 10752K, 99% used [0x00000000f5580000,0x00000000f5ffffe0,0x00000000f6000000)
  from space 4608K, 0% used [0x00000000f6000000,0x00000000f6000000,0x00000000f6480000)
  to   space 4608K, 0% used [0x00000000f6480000,0x00000000f6480000,0x00000000f6900000)
 ParOldGen       total 349696K, used 349695K [0x00000000e0000000, 0x00000000f5580000, 0x00000000f5580000)
  object space 349696K, 99% used [0x00000000e0000000,0x00000000f557ff10,0x00000000f5580000)
 Metaspace       used 64798K, committed 65664K, reserved 1114112K
  class space    used 6149K, committed 6528K, reserved 1048576K
}
Event: 2109.288 GC heap before
{Heap before GC invocations=1347 (full 1188):
 PSYoungGen      total 15360K, used 10752K [0x00000000f5580000, 0x00000000f6a00000, 0x0000000100000000)
  eden space 10752K, 100% used [0x00000000f5580000,0x00000000f6000000,0x00000000f6000000)
  from space 4608K, 0% used [0x00000000f6000000,0x00000000f6000000,0x00000000f6480000)
  to   space 4608K, 0% used [0x00000000f6480000,0x00000000f6480000,0x00000000f6900000)
 ParOldGen       total 349696K, used 349695K [0x00000000e0000000, 0x00000000f5580000, 0x00000000f5580000)
  object space 349696K, 99% used [0x00000000e0000000,0x00000000f557ff10,0x00000000f5580000)
 Metaspace       used 64798K, committed 65664K, reserved 1114112K
  class space    used 6149K, committed 6528K, reserved 1048576K
}
Event: 2110.164 GC heap after
{Heap after GC invocations=1347 (full 1188):
 PSYoungGen      total 15360K, used 10752K [0x00000000f5580000, 0x00000000f6a00000, 0x0000000100000000)
  eden space 10752K, 100% used [0x00000000f5580000,0x00000000f6000000,0x00000000f6000000)
  from space 4608K, 0% used [0x00000000f6480000,0x00000000f6480000,0x00000000f6900000)
  to   space 4608K, 0% used [0x00000000f6000000,0x00000000f6000000,0x00000000f6480000)
 ParOldGen       total 349696K, used 349695K [0x00000000e0000000, 0x00000000f5580000, 0x00000000f5580000)
  object space 349696K, 99% used [0x00000000e0000000,0x00000000f557fef0,0x00000000f5580000)
 Metaspace       used 64798K, committed 65664K, reserved 1114112K
  class space    used 6149K, committed 6528K, reserved 1048576K
}
Event: 2110.164 GC heap before
{Heap before GC invocations=1348 (full 1189):
 PSYoungGen      total 15360K, used 10752K [0x00000000f5580000, 0x00000000f6a00000, 0x0000000100000000)
  eden space 10752K, 100% used [0x00000000f5580000,0x00000000f6000000,0x00000000f6000000)
  from space 4608K, 0% used [0x00000000f6480000,0x00000000f6480000,0x00000000f6900000)
  to   space 4608K, 0% used [0x00000000f6000000,0x00000000f6000000,0x00000000f6480000)
 ParOldGen       total 349696K, used 349695K [0x00000000e0000000, 0x00000000f5580000, 0x00000000f5580000)
  object space 349696K, 99% used [0x00000000e0000000,0x00000000f557ffb8,0x00000000f5580000)
 Metaspace       used 64798K, committed 65664K, reserved 1114112K
  class space    used 6149K, committed 6528K, reserved 1048576K
}
Event: 2110.896 GC heap after
{Heap after GC invocations=1348 (full 1189):
 PSYoungGen      total 15360K, used 10752K [0x00000000f5580000, 0x00000000f6a00000, 0x0000000100000000)
  eden space 10752K, 100% used [0x00000000f5580000,0x00000000f6000000,0x00000000f6000000)
  from space 4608K, 0% used [0x00000000f6000000,0x00000000f6000000,0x00000000f6480000)
  to   space 4608K, 0% used [0x00000000f6480000,0x00000000f6480000,0x00000000f6900000)
 ParOldGen       total 349696K, used 349695K [0x00000000e0000000, 0x00000000f5580000, 0x00000000f5580000)
  object space 349696K, 99% used [0x00000000e0000000,0x00000000f557ff10,0x00000000f5580000)
 Metaspace       used 64798K, committed 65664K, reserved 1114112K
  class space    used 6149K, committed 6528K, reserved 1048576K
}
Event: 2110.896 GC heap before
{Heap before GC invocations=1349 (full 1190):
 PSYoungGen      total 15360K, used 10752K [0x00000000f5580000, 0x00000000f6a00000, 0x0000000100000000)
  eden space 10752K, 100% used [0x00000000f5580000,0x00000000f6000000,0x00000000f6000000)
  from space 4608K, 0% used [0x00000000f6000000,0x00000000f6000000,0x00000000f6480000)
  to   space 4608K, 0% used [0x00000000f6480000,0x00000000f6480000,0x00000000f6900000)
 ParOldGen       total 349696K, used 349695K [0x00000000e0000000, 0x00000000f5580000, 0x00000000f5580000)
  object space 349696K, 99% used [0x00000000e0000000,0x00000000f557ffd8,0x00000000f5580000)
 Metaspace       used 64798K, committed 65664K, reserved 1114112K
  class space    used 6149K, committed 6528K, reserved 1048576K
}
Event: 2111.760 GC heap after
{Heap after GC invocations=1349 (full 1190):
 PSYoungGen      total 15360K, used 10752K [0x00000000f5580000, 0x00000000f6a00000, 0x0000000100000000)
  eden space 10752K, 100% used [0x00000000f5580000,0x00000000f6000000,0x00000000f6000000)
  from space 4608K, 0% used [0x00000000f6480000,0x00000000f6480000,0x00000000f6900000)
  to   space 4608K, 0% used [0x00000000f6000000,0x00000000f6000000,0x00000000f6480000)
 ParOldGen       total 349696K, used 349695K [0x00000000e0000000, 0x00000000f5580000, 0x00000000f5580000)
  object space 349696K, 99% used [0x00000000e0000000,0x00000000f557ff78,0x00000000f5580000)
 Metaspace       used 64798K, committed 65664K, reserved 1114112K
  class space    used 6149K, committed 6528K, reserved 1048576K
}
Event: 2111.760 GC heap before
{Heap before GC invocations=1350 (full 1191):
 PSYoungGen      total 15360K, used 10752K [0x00000000f5580000, 0x00000000f6a00000, 0x0000000100000000)
  eden space 10752K, 100% used [0x00000000f5580000,0x00000000f6000000,0x00000000f6000000)
  from space 4608K, 0% used [0x00000000f6480000,0x00000000f6480000,0x00000000f6900000)
  to   space 4608K, 0% used [0x00000000f6000000,0x00000000f6000000,0x00000000f6480000)
 ParOldGen       total 349696K, used 349695K [0x00000000e0000000, 0x00000000f5580000, 0x00000000f5580000)
  object space 349696K, 99% used [0x00000000e0000000,0x00000000f557fff0,0x00000000f5580000)
 Metaspace       used 64798K, committed 65664K, reserved 1114112K
  class space    used 6149K, committed 6528K, reserved 1048576K
}
Event: 2112.599 GC heap after
{Heap after GC invocations=1350 (full 1191):
 PSYoungGen      total 15360K, used 10752K [0x00000000f5580000, 0x00000000f6a00000, 0x0000000100000000)
  eden space 10752K, 100% used [0x00000000f5580000,0x00000000f6000000,0x00000000f6000000)
  from space 4608K, 0% used [0x00000000f6000000,0x00000000f6000000,0x00000000f6480000)
  to   space 4608K, 0% used [0x00000000f6480000,0x00000000f6480000,0x00000000f6900000)
 ParOldGen       total 349696K, used 349695K [0x00000000e0000000, 0x00000000f5580000, 0x00000000f5580000)
  object space 349696K, 99% used [0x00000000e0000000,0x00000000f557ff68,0x00000000f5580000)
 Metaspace       used 64798K, committed 65664K, reserved 1114112K
  class space    used 6149K, committed 6528K, reserved 1048576K
}
Event: 2112.649 GC heap before
{Heap before GC invocations=1351 (full 1192):
 PSYoungGen      total 15360K, used 10752K [0x00000000f5580000, 0x00000000f6a00000, 0x0000000100000000)
  eden space 10752K, 100% used [0x00000000f5580000,0x00000000f6000000,0x00000000f6000000)
  from space 4608K, 0% used [0x00000000f6000000,0x00000000f6000000,0x00000000f6480000)
  to   space 4608K, 0% used [0x00000000f6480000,0x00000000f6480000,0x00000000f6900000)
 ParOldGen       total 349696K, used 349695K [0x00000000e0000000, 0x00000000f5580000, 0x00000000f5580000)
  object space 349696K, 99% used [0x00000000e0000000,0x00000000f557fff8,0x00000000f5580000)
 Metaspace       used 64798K, committed 65664K, reserved 1114112K
  class space    used 6149K, committed 6528K, reserved 1048576K
}
Event: 2113.455 GC heap after
{Heap after GC invocations=1351 (full 1192):
 PSYoungGen      total 15360K, used 10751K [0x00000000f5580000, 0x00000000f6a00000, 0x0000000100000000)
  eden space 10752K, 99% used [0x00000000f5580000,0x00000000f5ffffe8,0x00000000f6000000)
  from space 4608K, 0% used [0x00000000f6480000,0x00000000f6480000,0x00000000f6900000)
  to   space 4608K, 0% used [0x00000000f6000000,0x00000000f6000000,0x00000000f6480000)
 ParOldGen       total 349696K, used 349695K [0x00000000e0000000, 0x00000000f5580000, 0x00000000f5580000)
  object space 349696K, 99% used [0x00000000e0000000,0x00000000f557fff8,0x00000000f5580000)
 Metaspace       used 64798K, committed 65664K, reserved 1114112K
  class space    used 6149K, committed 6528K, reserved 1048576K
}
Event: 2113.455 GC heap before
{Heap before GC invocations=1352 (full 1193):
 PSYoungGen      total 15360K, used 10752K [0x00000000f5580000, 0x00000000f6a00000, 0x0000000100000000)
  eden space 10752K, 100% used [0x00000000f5580000,0x00000000f6000000,0x00000000f6000000)
  from space 4608K, 0% used [0x00000000f6480000,0x00000000f6480000,0x00000000f6900000)
  to   space 4608K, 0% used [0x00000000f6000000,0x00000000f6000000,0x00000000f6480000)
 ParOldGen       total 349696K, used 349695K [0x00000000e0000000, 0x00000000f5580000, 0x00000000f5580000)
  object space 349696K, 99% used [0x00000000e0000000,0x00000000f557fff8,0x00000000f5580000)
 Metaspace       used 64798K, committed 65664K, reserved 1114112K
  class space    used 6149K, committed 6528K, reserved 1048576K
}
Event: 2114.299 GC heap after
{Heap after GC invocations=1352 (full 1193):
 PSYoungGen      total 15360K, used 10752K [0x00000000f5580000, 0x00000000f6a00000, 0x0000000100000000)
  eden space 10752K, 100% used [0x00000000f5580000,0x00000000f6000000,0x00000000f6000000)
  from space 4608K, 0% used [0x00000000f6000000,0x00000000f6000000,0x00000000f6480000)
  to   space 4608K, 0% used [0x00000000f6480000,0x00000000f6480000,0x00000000f6900000)
 ParOldGen       total 349696K, used 349695K [0x00000000e0000000, 0x00000000f5580000, 0x00000000f5580000)
  object space 349696K, 99% used [0x00000000e0000000,0x00000000f557fff8,0x00000000f5580000)
 Metaspace       used 64798K, committed 65664K, reserved 1114112K
  class space    used 6149K, committed 6528K, reserved 1048576K
}
Event: 2114.299 GC heap before
{Heap before GC invocations=1353 (full 1194):
 PSYoungGen      total 15360K, used 10752K [0x00000000f5580000, 0x00000000f6a00000, 0x0000000100000000)
  eden space 10752K, 100% used [0x00000000f5580000,0x00000000f6000000,0x00000000f6000000)
  from space 4608K, 0% used [0x00000000f6000000,0x00000000f6000000,0x00000000f6480000)
  to   space 4608K, 0% used [0x00000000f6480000,0x00000000f6480000,0x00000000f6900000)
 ParOldGen       total 349696K, used 349695K [0x00000000e0000000, 0x00000000f5580000, 0x00000000f5580000)
  object space 349696K, 99% used [0x00000000e0000000,0x00000000f557fff8,0x00000000f5580000)
 Metaspace       used 64798K, committed 65664K, reserved 1114112K
  class space    used 6149K, committed 6528K, reserved 1048576K
}
Event: 2115.090 GC heap after
{Heap after GC invocations=1353 (full 1194):
 PSYoungGen      total 15360K, used 10752K [0x00000000f5580000, 0x00000000f6a00000, 0x0000000100000000)
  eden space 10752K, 100% used [0x00000000f5580000,0x00000000f6000000,0x00000000f6000000)
  from space 4608K, 0% used [0x00000000f6480000,0x00000000f6480000,0x00000000f6900000)
  to   space 4608K, 0% used [0x00000000f6000000,0x00000000f6000000,0x00000000f6480000)
 ParOldGen       total 349696K, used 349695K [0x00000000e0000000, 0x00000000f5580000, 0x00000000f5580000)
  object space 349696K, 99% used [0x00000000e0000000,0x00000000f557fff8,0x00000000f5580000)
 Metaspace       used 64798K, committed 65664K, reserved 1114112K
  class space    used 6149K, committed 6528K, reserved 1048576K
}

